<?xml version="1.0" encoding="UTF-8"?>
<!-- Generated by org.testng.reporters.JUnitReportReporter -->
<testsuite hostname="IND-APULIYERIL" name="com.saba.report.TestCreateMeta" tests="1" failures="0" timestamp="8 Apr 2013 05:51:11 GMT" time="1.016" errors="0">
  <testcase name="testCreateMeta" time="1.016" classname="com.saba.report.TestCreateMeta"/>
</testsuite> <!-- com.saba.report.TestCreateMeta -->
