<?xml version="1.0" encoding="UTF-8"?>
<!-- Generated by org.testng.reporters.JUnitReportReporter -->
<testsuite hostname="IND-APULIYERIL" name="com.saba.report.TestPdf" tests="1" failures="0" timestamp="8 Apr 2013 06:38:18 GMT" time="2.114" errors="0">
  <testcase name="testPdfCreation" time="2.114" classname="com.saba.report.TestPdf"/>
</testsuite> <!-- com.saba.report.TestPdf -->
