<?xml version="1.0" encoding="UTF-8"?>
<!-- Generated by org.testng.reporters.JUnitReportReporter -->
<testsuite hostname="IND-APULIYERIL" name="com.saba.report.TestMetadataCreation" tests="2" failures="0" timestamp="7 Apr 2013 13:52:27 GMT" time="0.523" errors="0">
  <testcase name="testGetMetadata" time="0.063" classname="com.saba.report.TestMetadataCreation"/>
  <testcase name="testCreateMetadata" time="0.460" classname="com.saba.report.TestMetadataCreation"/>
</testsuite> <!-- com.saba.report.TestMetadataCreation -->
